生成启动时间为 2015/7/26 18:04:15。
     1>项目“D:\C练习\C-practice\fraction_sum\fraction_sum\fraction_sum.vcxproj”在节点 2 上(build 个目标)。
     1>InitializeBuildStatus:
         正在创建“Debug\fraction_sum.unsuccessfulbuild”，因为已指定“AlwaysCreate”。
       ClCompile:
         所有输出均为最新。
       ManifestResourceCompile:
         所有输出均为最新。
       Link:
         D:\VS2010旗舰版\VC\bin\link.exe /ERRORREPORT:PROMPT /OUT:"D:\C练习\C-practice\fraction_sum\Debug\fraction_sum.exe" /INCREMENTAL /NOLOGO kernel32.lib user32.lib gdi32.lib winspool.lib comdlg32.lib advapi32.lib shell32.lib ole32.lib oleaut32.lib uuid.lib odbc32.lib odbccp32.lib /MANIFEST /ManifestFile:"Debug\fraction_sum.exe.intermediate.manifest" /MANIFESTUAC:"level='asInvoker' uiAccess='false'" /DEBUG /PDB:"D:\C练习\C-practice\fraction_sum\Debug\fraction_sum.pdb" /SUBSYSTEM:CONSOLE /TLBID:1 /DYNAMICBASE /NXCOMPAT /IMPLIB:"D:\C练习\C-practice\fraction_sum\Debug\fraction_sum.lib" /MACHINE:X86 Debug\fraction_sum.exe.embed.manifest.res
         Debug\fraction_sum.obj
       Manifest:
         C:\Program Files\Microsoft SDKs\Windows\v7.0A\bin\mt.exe /nologo /verbose /out:"Debug\fraction_sum.exe.embed.manifest" /manifest Debug\fraction_sum.exe.intermediate.manifest
         所有输出均为最新。
       LinkEmbedManifest:
         所有输出均为最新。
         fraction_sum.vcxproj -> D:\C练习\C-practice\fraction_sum\Debug\fraction_sum.exe
       FinalizeBuildStatus:
         正在删除文件“Debug\fraction_sum.unsuccessfulbuild”。
         正在对“Debug\fraction_sum.lastbuildstate”执行 Touch 任务。
     1>已完成生成项目“D:\C练习\C-practice\fraction_sum\fraction_sum\fraction_sum.vcxproj”(build 个目标)的操作。

生成成功。

已用时间 00:00:00.60
