生成启动时间为 2015/8/14 16:33:43。
     1>项目“D:\C练习\C-practice\shutdown\shutdown\shutdown.vcxproj”在节点 2 上(build 个目标)。
     1>InitializeBuildStatus:
         正在创建“Debug\shutdown.unsuccessfulbuild”，因为已指定“AlwaysCreate”。
       ClCompile:
         D:\VS2010旗舰版\VC\bin\CL.exe /c /ZI /nologo /W3 /WX- /Od /Oy- /D WIN32 /D _DEBUG /D _CONSOLE /D _UNICODE /D UNICODE /Gm /EHsc /RTC1 /MDd /GS /fp:precise /Zc:wchar_t /Zc:forScope /Fo"Debug\\" /Fd"Debug\vc100.pdb" /Gd /TP /analyze- /errorReport:prompt shutdown.cpp
         shutdown.cpp
       ManifestResourceCompile:
         所有输出均为最新。
       Link:
         D:\VS2010旗舰版\VC\bin\link.exe /ERRORREPORT:PROMPT /OUT:"D:\C练习\C-practice\shutdown\Debug\shutdown.exe" /INCREMENTAL /NOLOGO kernel32.lib user32.lib gdi32.lib winspool.lib comdlg32.lib advapi32.lib shell32.lib ole32.lib oleaut32.lib uuid.lib odbc32.lib odbccp32.lib /MANIFEST /ManifestFile:"Debug\shutdown.exe.intermediate.manifest" /MANIFESTUAC:"level='asInvoker' uiAccess='false'" /DEBUG /PDB:"D:\C练习\C-practice\shutdown\Debug\shutdown.pdb" /SUBSYSTEM:CONSOLE /TLBID:1 /DYNAMICBASE /NXCOMPAT /IMPLIB:"D:\C练习\C-practice\shutdown\Debug\shutdown.lib" /MACHINE:X86 Debug\shutdown.exe.embed.manifest.res
         Debug\shutdown.obj
       Manifest:
         C:\Program Files\Microsoft SDKs\Windows\v7.0A\bin\mt.exe /nologo /verbose /out:"Debug\shutdown.exe.embed.manifest" /manifest Debug\shutdown.exe.intermediate.manifest
         所有输出均为最新。
       LinkEmbedManifest:
         所有输出均为最新。
         shutdown.vcxproj -> D:\C练习\C-practice\shutdown\Debug\shutdown.exe
       FinalizeBuildStatus:
         正在删除文件“Debug\shutdown.unsuccessfulbuild”。
         正在对“Debug\shutdown.lastbuildstate”执行 Touch 任务。
     1>已完成生成项目“D:\C练习\C-practice\shutdown\shutdown\shutdown.vcxproj”(build 个目标)的操作。

生成成功。

已用时间 00:00:01.75
