生成启动时间为 2015/8/4 10:34:18。
     1>项目“D:\C练习\C-practice\Hanoi\Hanoi\Hanoi.vcxproj”在节点 2 上(build 个目标)。
     1>InitializeBuildStatus:
         正在创建“Debug\Hanoi.unsuccessfulbuild”，因为已指定“AlwaysCreate”。
       ClCompile:
         所有输出均为最新。
       ManifestResourceCompile:
         C:\Program Files\Microsoft SDKs\Windows\v7.0A\bin\rc.exe /nologo /fo"Debug\Hanoi.exe.embed.manifest.res" Debug\Hanoi_manifest.rc 
       Link:
         D:\VS2010旗舰版\VC\bin\link.exe /ERRORREPORT:PROMPT /OUT:"D:\C练习\C-practice\Hanoi\Debug\Hanoi.exe" /INCREMENTAL /NOLOGO kernel32.lib user32.lib gdi32.lib winspool.lib comdlg32.lib advapi32.lib shell32.lib ole32.lib oleaut32.lib uuid.lib odbc32.lib odbccp32.lib /MANIFEST /ManifestFile:"Debug\Hanoi.exe.intermediate.manifest" /MANIFESTUAC:"level='asInvoker' uiAccess='false'" /DEBUG /PDB:"D:\C练习\C-practice\Hanoi\Debug\Hanoi.pdb" /SUBSYSTEM:CONSOLE /TLBID:1 /DYNAMICBASE /NXCOMPAT /IMPLIB:"D:\C练习\C-practice\Hanoi\Debug\Hanoi.lib" /MACHINE:X86 Debug\Hanoi.exe.embed.manifest.res
         Debug\hanoi.obj
       Manifest:
         C:\Program Files\Microsoft SDKs\Windows\v7.0A\bin\mt.exe /nologo /verbose /out:"Debug\Hanoi.exe.embed.manifest" /manifest Debug\Hanoi.exe.intermediate.manifest
         C:\Program Files\Microsoft SDKs\Windows\v7.0A\bin\rc.exe /nologo /fo"Debug\Hanoi.exe.embed.manifest.res" Debug\Hanoi_manifest.rc 
       LinkEmbedManifest:
         D:\VS2010旗舰版\VC\bin\link.exe /ERRORREPORT:PROMPT /OUT:"D:\C练习\C-practice\Hanoi\Debug\Hanoi.exe" /INCREMENTAL /NOLOGO kernel32.lib user32.lib gdi32.lib winspool.lib comdlg32.lib advapi32.lib shell32.lib ole32.lib oleaut32.lib uuid.lib odbc32.lib odbccp32.lib /MANIFEST /ManifestFile:"Debug\Hanoi.exe.intermediate.manifest" /MANIFESTUAC:"level='asInvoker' uiAccess='false'" /DEBUG /PDB:"D:\C练习\C-practice\Hanoi\Debug\Hanoi.pdb" /SUBSYSTEM:CONSOLE /TLBID:1 /DYNAMICBASE /NXCOMPAT /IMPLIB:"D:\C练习\C-practice\Hanoi\Debug\Hanoi.lib" /MACHINE:X86 Debug\Hanoi.exe.embed.manifest.res
         Debug\hanoi.obj
         Hanoi.vcxproj -> D:\C练习\C-practice\Hanoi\Debug\Hanoi.exe
       FinalizeBuildStatus:
         正在删除文件“Debug\Hanoi.unsuccessfulbuild”。
         正在对“Debug\Hanoi.lastbuildstate”执行 Touch 任务。
     1>已完成生成项目“D:\C练习\C-practice\Hanoi\Hanoi\Hanoi.vcxproj”(build 个目标)的操作。

生成成功。

已用时间 00:00:02.41
