生成启动时间为 2015/7/15 10:00:28。
     1>项目“D:\C练习\C-practice\praise2\praise2\praise2.vcxproj”在节点 2 上(build 个目标)。
     1>InitializeBuildStatus:
         正在创建“Debug\praise2.unsuccessfulbuild”，因为已指定“AlwaysCreate”。
       ClCompile:
         所有输出均为最新。
       ManifestResourceCompile:
         C:\Program Files\Microsoft SDKs\Windows\v7.0A\bin\rc.exe /nologo /fo"Debug\praise2.exe.embed.manifest.res" Debug\praise2_manifest.rc 
       Link:
         D:\VS2010旗舰版\VC\bin\link.exe /ERRORREPORT:PROMPT /OUT:"D:\C练习\C-practice\praise2\Debug\praise2.exe" /INCREMENTAL /NOLOGO kernel32.lib user32.lib gdi32.lib winspool.lib comdlg32.lib advapi32.lib shell32.lib ole32.lib oleaut32.lib uuid.lib odbc32.lib odbccp32.lib /MANIFEST /ManifestFile:"Debug\praise2.exe.intermediate.manifest" /MANIFESTUAC:"level='asInvoker' uiAccess='false'" /DEBUG /PDB:"D:\C练习\C-practice\praise2\Debug\praise2.pdb" /SUBSYSTEM:CONSOLE /TLBID:1 /DYNAMICBASE /NXCOMPAT /IMPLIB:"D:\C练习\C-practice\praise2\Debug\praise2.lib" /MACHINE:X86 Debug\praise2.exe.embed.manifest.res
         Debug\praise2.obj
       Manifest:
         C:\Program Files\Microsoft SDKs\Windows\v7.0A\bin\mt.exe /nologo /verbose /out:"Debug\praise2.exe.embed.manifest" /manifest Debug\praise2.exe.intermediate.manifest
         C:\Program Files\Microsoft SDKs\Windows\v7.0A\bin\rc.exe /nologo /fo"Debug\praise2.exe.embed.manifest.res" Debug\praise2_manifest.rc 
       LinkEmbedManifest:
         D:\VS2010旗舰版\VC\bin\link.exe /ERRORREPORT:PROMPT /OUT:"D:\C练习\C-practice\praise2\Debug\praise2.exe" /INCREMENTAL /NOLOGO kernel32.lib user32.lib gdi32.lib winspool.lib comdlg32.lib advapi32.lib shell32.lib ole32.lib oleaut32.lib uuid.lib odbc32.lib odbccp32.lib /MANIFEST /ManifestFile:"Debug\praise2.exe.intermediate.manifest" /MANIFESTUAC:"level='asInvoker' uiAccess='false'" /DEBUG /PDB:"D:\C练习\C-practice\praise2\Debug\praise2.pdb" /SUBSYSTEM:CONSOLE /TLBID:1 /DYNAMICBASE /NXCOMPAT /IMPLIB:"D:\C练习\C-practice\praise2\Debug\praise2.lib" /MACHINE:X86 Debug\praise2.exe.embed.manifest.res
         Debug\praise2.obj
         praise2.vcxproj -> D:\C练习\C-practice\praise2\Debug\praise2.exe
       FinalizeBuildStatus:
         正在删除文件“Debug\praise2.unsuccessfulbuild”。
         正在对“Debug\praise2.lastbuildstate”执行 Touch 任务。
     1>已完成生成项目“D:\C练习\C-practice\praise2\praise2\praise2.vcxproj”(build 个目标)的操作。

生成成功。

已用时间 00:00:01.33
