生成启动时间为 2015/7/11 10:17:13。
     1>项目“D:\C练习\convert\convert\convert.vcxproj”在节点 2 上(build 个目标)。
     1>InitializeBuildStatus:
         正在创建“Debug\convert.unsuccessfulbuild”，因为已指定“AlwaysCreate”。
       ClCompile:
         所有输出均为最新。
       ManifestResourceCompile:
         所有输出均为最新。
       Link:
         D:\VS2010旗舰版\VC\bin\link.exe /ERRORREPORT:PROMPT /OUT:"D:\C练习\convert\Debug\convert.exe" /INCREMENTAL /NOLOGO kernel32.lib user32.lib gdi32.lib winspool.lib comdlg32.lib advapi32.lib shell32.lib ole32.lib oleaut32.lib uuid.lib odbc32.lib odbccp32.lib /MANIFEST /ManifestFile:"Debug\convert.exe.intermediate.manifest" /MANIFESTUAC:"level='asInvoker' uiAccess='false'" /DEBUG /PDB:"D:\C练习\convert\Debug\convert.pdb" /SUBSYSTEM:CONSOLE /TLBID:1 /DYNAMICBASE /NXCOMPAT /IMPLIB:"D:\C练习\convert\Debug\convert.lib" /MACHINE:X86 Debug\convert.exe.embed.manifest.res
         Debug\convert2.obj
       Manifest:
         C:\Program Files\Microsoft SDKs\Windows\v7.0A\bin\mt.exe /nologo /verbose /out:"Debug\convert.exe.embed.manifest" /manifest Debug\convert.exe.intermediate.manifest
         所有输出均为最新。
       LinkEmbedManifest:
         所有输出均为最新。
         convert.vcxproj -> D:\C练习\convert\Debug\convert.exe
       FinalizeBuildStatus:
         正在删除文件“Debug\convert.unsuccessfulbuild”。
         正在对“Debug\convert.lastbuildstate”执行 Touch 任务。
     1>已完成生成项目“D:\C练习\convert\convert\convert.vcxproj”(build 个目标)的操作。

生成成功。

已用时间 00:00:00.50
