生成启动时间为 2015/8/3 18:19:39。
     1>项目“D:\C练习\C-practice\year_caculate\year_caculate\year_caculate.vcxproj”在节点 2 上(build 个目标)。
     1>InitializeBuildStatus:
         正在创建“Debug\year_caculate.unsuccessfulbuild”，因为已指定“AlwaysCreate”。
       ClCompile:
         所有输出均为最新。
       ManifestResourceCompile:
         所有输出均为最新。
       Link:
         D:\VS2010旗舰版\VC\bin\link.exe /ERRORREPORT:PROMPT /OUT:"D:\C练习\C-practice\year_caculate\Debug\year_caculate.exe" /INCREMENTAL /NOLOGO kernel32.lib user32.lib gdi32.lib winspool.lib comdlg32.lib advapi32.lib shell32.lib ole32.lib oleaut32.lib uuid.lib odbc32.lib odbccp32.lib /MANIFEST /ManifestFile:"Debug\year_caculate.exe.intermediate.manifest" /MANIFESTUAC:"level='asInvoker' uiAccess='false'" /DEBUG /PDB:"D:\C练习\C-practice\year_caculate\Debug\year_caculate.pdb" /SUBSYSTEM:CONSOLE /TLBID:1 /DYNAMICBASE /NXCOMPAT /IMPLIB:"D:\C练习\C-practice\year_caculate\Debug\year_caculate.lib" /MACHINE:X86 Debug\year_caculate.exe.embed.manifest.res
         Debug\year_caculate.obj
       Manifest:
         C:\Program Files\Microsoft SDKs\Windows\v7.0A\bin\mt.exe /nologo /verbose /out:"Debug\year_caculate.exe.embed.manifest" /manifest Debug\year_caculate.exe.intermediate.manifest
         所有输出均为最新。
       LinkEmbedManifest:
         所有输出均为最新。
         year_caculate.vcxproj -> D:\C练习\C-practice\year_caculate\Debug\year_caculate.exe
       FinalizeBuildStatus:
         正在删除文件“Debug\year_caculate.unsuccessfulbuild”。
         正在对“Debug\year_caculate.lastbuildstate”执行 Touch 任务。
     1>已完成生成项目“D:\C练习\C-practice\year_caculate\year_caculate\year_caculate.vcxproj”(build 个目标)的操作。

生成成功。

已用时间 00:00:00.41
