生成启动时间为 2015/7/15 15:34:59。
     1>项目“D:\C练习\C-practice\pizza\pizza\pizza.vcxproj”在节点 2 上(build 个目标)。
     1>InitializeBuildStatus:
         正在创建“Debug\pizza.unsuccessfulbuild”，因为已指定“AlwaysCreate”。
       ClCompile:
         所有输出均为最新。
       ManifestResourceCompile:
         C:\Program Files\Microsoft SDKs\Windows\v7.0A\bin\rc.exe /nologo /fo"Debug\pizza.exe.embed.manifest.res" Debug\pizza_manifest.rc 
       Link:
         D:\VS2010旗舰版\VC\bin\link.exe /ERRORREPORT:PROMPT /OUT:"D:\C练习\C-practice\pizza\Debug\pizza.exe" /INCREMENTAL /NOLOGO kernel32.lib user32.lib gdi32.lib winspool.lib comdlg32.lib advapi32.lib shell32.lib ole32.lib oleaut32.lib uuid.lib odbc32.lib odbccp32.lib /MANIFEST /ManifestFile:"Debug\pizza.exe.intermediate.manifest" /MANIFESTUAC:"level='asInvoker' uiAccess='false'" /DEBUG /PDB:"D:\C练习\C-practice\pizza\Debug\pizza.pdb" /SUBSYSTEM:CONSOLE /TLBID:1 /DYNAMICBASE /NXCOMPAT /IMPLIB:"D:\C练习\C-practice\pizza\Debug\pizza.lib" /MACHINE:X86 Debug\pizza.exe.embed.manifest.res
         Debug\pizza.obj
       Manifest:
         C:\Program Files\Microsoft SDKs\Windows\v7.0A\bin\mt.exe /nologo /verbose /out:"Debug\pizza.exe.embed.manifest" /manifest Debug\pizza.exe.intermediate.manifest
         C:\Program Files\Microsoft SDKs\Windows\v7.0A\bin\rc.exe /nologo /fo"Debug\pizza.exe.embed.manifest.res" Debug\pizza_manifest.rc 
       LinkEmbedManifest:
         D:\VS2010旗舰版\VC\bin\link.exe /ERRORREPORT:PROMPT /OUT:"D:\C练习\C-practice\pizza\Debug\pizza.exe" /INCREMENTAL /NOLOGO kernel32.lib user32.lib gdi32.lib winspool.lib comdlg32.lib advapi32.lib shell32.lib ole32.lib oleaut32.lib uuid.lib odbc32.lib odbccp32.lib /MANIFEST /ManifestFile:"Debug\pizza.exe.intermediate.manifest" /MANIFESTUAC:"level='asInvoker' uiAccess='false'" /DEBUG /PDB:"D:\C练习\C-practice\pizza\Debug\pizza.pdb" /SUBSYSTEM:CONSOLE /TLBID:1 /DYNAMICBASE /NXCOMPAT /IMPLIB:"D:\C练习\C-practice\pizza\Debug\pizza.lib" /MACHINE:X86 Debug\pizza.exe.embed.manifest.res
         Debug\pizza.obj
         pizza.vcxproj -> D:\C练习\C-practice\pizza\Debug\pizza.exe
       FinalizeBuildStatus:
         正在删除文件“Debug\pizza.unsuccessfulbuild”。
         正在对“Debug\pizza.lastbuildstate”执行 Touch 任务。
     1>已完成生成项目“D:\C练习\C-practice\pizza\pizza\pizza.vcxproj”(build 个目标)的操作。

生成成功。

已用时间 00:00:05.46
