生成启动时间为 2015/6/21 11:44:23。
     1>项目“D:\C练习\字符常量及其初始化\字符常量及其初始化\字符常量及其初始化.vcxproj”在节点 2 上(build 个目标)。
     1>InitializeBuildStatus:
         正在创建“Debug\字符常量及其初始化.unsuccessfulbuild”，因为已指定“AlwaysCreate”。
       ClCompile:
         所有输出均为最新。
       ManifestResourceCompile:
         所有输出均为最新。
       Link:
         D:\VS2010旗舰版\VC\bin\link.exe /ERRORREPORT:PROMPT /OUT:"D:\C练习\字符常量及其初始化\Debug\字符常量及其初始化.exe" /INCREMENTAL /NOLOGO kernel32.lib user32.lib gdi32.lib winspool.lib comdlg32.lib advapi32.lib shell32.lib ole32.lib oleaut32.lib uuid.lib odbc32.lib odbccp32.lib /MANIFEST /ManifestFile:"Debug\字符常量及其初始化.exe.intermediate.manifest" /MANIFESTUAC:"level='asInvoker' uiAccess='false'" /DEBUG /PDB:"D:\C练习\字符常量及其初始化\Debug\字符常量及其初始化.pdb" /SUBSYSTEM:CONSOLE /TLBID:1 /DYNAMICBASE /NXCOMPAT /IMPLIB:"D:\C练习\字符常量及其初始化\Debug\字符常量及其初始化.lib" /MACHINE:X86 "Debug\字符常量及其初始化.exe.embed.manifest.res"
         Debug\fate.obj
       Manifest:
         C:\Program Files\Microsoft SDKs\Windows\v7.0A\bin\mt.exe /nologo /verbose /out:"Debug\字符常量及其初始化.exe.embed.manifest" /manifest "Debug\字符常量及其初始化.exe.intermediate.manifest"
         所有输出均为最新。
       LinkEmbedManifest:
         所有输出均为最新。
         字符常量及其初始化.vcxproj -> D:\C练习\字符常量及其初始化\Debug\字符常量及其初始化.exe
       FinalizeBuildStatus:
         正在删除文件“Debug\字符常量及其初始化.unsuccessfulbuild”。
         正在对“Debug\字符常量及其初始化.lastbuildstate”执行 Touch 任务。
     1>已完成生成项目“D:\C练习\字符常量及其初始化\字符常量及其初始化\字符常量及其初始化.vcxproj”(build 个目标)的操作。

生成成功。

已用时间 00:00:00.53
