生成启动时间为 2015/7/27 18:06:18。
     1>项目“D:\C练习\C-practice\bestcar\bestcar\bestcar.vcxproj”在节点 2 上(build 个目标)。
     1>InitializeBuildStatus:
         正在创建“Debug\bestcar.unsuccessfulbuild”，因为已指定“AlwaysCreate”。
       ClCompile:
         所有输出均为最新。
       ManifestResourceCompile:
         C:\Program Files\Microsoft SDKs\Windows\v7.0A\bin\rc.exe /nologo /fo"Debug\bestcar.exe.embed.manifest.res" Debug\bestcar_manifest.rc 
       Link:
         D:\VS2010旗舰版\VC\bin\link.exe /ERRORREPORT:PROMPT /OUT:"D:\C练习\C-practice\bestcar\Debug\bestcar.exe" /INCREMENTAL /NOLOGO kernel32.lib user32.lib gdi32.lib winspool.lib comdlg32.lib advapi32.lib shell32.lib ole32.lib oleaut32.lib uuid.lib odbc32.lib odbccp32.lib /MANIFEST /ManifestFile:"Debug\bestcar.exe.intermediate.manifest" /MANIFESTUAC:"level='asInvoker' uiAccess='false'" /DEBUG /PDB:"D:\C练习\C-practice\bestcar\Debug\bestcar.pdb" /SUBSYSTEM:CONSOLE /TLBID:1 /DYNAMICBASE /NXCOMPAT /IMPLIB:"D:\C练习\C-practice\bestcar\Debug\bestcar.lib" /MACHINE:X86 Debug\bestcar.exe.embed.manifest.res
         Debug\bestcar.obj
       Manifest:
         C:\Program Files\Microsoft SDKs\Windows\v7.0A\bin\mt.exe /nologo /verbose /out:"Debug\bestcar.exe.embed.manifest" /manifest Debug\bestcar.exe.intermediate.manifest
         C:\Program Files\Microsoft SDKs\Windows\v7.0A\bin\rc.exe /nologo /fo"Debug\bestcar.exe.embed.manifest.res" Debug\bestcar_manifest.rc 
       LinkEmbedManifest:
         D:\VS2010旗舰版\VC\bin\link.exe /ERRORREPORT:PROMPT /OUT:"D:\C练习\C-practice\bestcar\Debug\bestcar.exe" /INCREMENTAL /NOLOGO kernel32.lib user32.lib gdi32.lib winspool.lib comdlg32.lib advapi32.lib shell32.lib ole32.lib oleaut32.lib uuid.lib odbc32.lib odbccp32.lib /MANIFEST /ManifestFile:"Debug\bestcar.exe.intermediate.manifest" /MANIFESTUAC:"level='asInvoker' uiAccess='false'" /DEBUG /PDB:"D:\C练习\C-practice\bestcar\Debug\bestcar.pdb" /SUBSYSTEM:CONSOLE /TLBID:1 /DYNAMICBASE /NXCOMPAT /IMPLIB:"D:\C练习\C-practice\bestcar\Debug\bestcar.lib" /MACHINE:X86 Debug\bestcar.exe.embed.manifest.res
         Debug\bestcar.obj
         bestcar.vcxproj -> D:\C练习\C-practice\bestcar\Debug\bestcar.exe
       FinalizeBuildStatus:
         正在删除文件“Debug\bestcar.unsuccessfulbuild”。
         正在对“Debug\bestcar.lastbuildstate”执行 Touch 任务。
     1>已完成生成项目“D:\C练习\C-practice\bestcar\bestcar\bestcar.vcxproj”(build 个目标)的操作。

生成成功。

已用时间 00:00:02.31
