生成启动时间为 2015/7/11 9:28:56。
     1>项目“D:\C练习\escape\escape\escape.vcxproj”在节点 2 上(build 个目标)。
     1>InitializeBuildStatus:
         正在创建“Debug\escape.unsuccessfulbuild”，因为已指定“AlwaysCreate”。
       ClCompile:
         所有输出均为最新。
       ManifestResourceCompile:
         C:\Program Files\Microsoft SDKs\Windows\v7.0A\bin\rc.exe /nologo /fo"Debug\escape.exe.embed.manifest.res" Debug\escape_manifest.rc 
       Link:
         D:\VS2010旗舰版\VC\bin\link.exe /ERRORREPORT:PROMPT /OUT:"D:\C练习\escape\Debug\escape.exe" /INCREMENTAL /NOLOGO kernel32.lib user32.lib gdi32.lib winspool.lib comdlg32.lib advapi32.lib shell32.lib ole32.lib oleaut32.lib uuid.lib odbc32.lib odbccp32.lib /MANIFEST /ManifestFile:"Debug\escape.exe.intermediate.manifest" /MANIFESTUAC:"level='asInvoker' uiAccess='false'" /DEBUG /PDB:"D:\C练习\escape\Debug\escape.pdb" /SUBSYSTEM:CONSOLE /TLBID:1 /DYNAMICBASE /NXCOMPAT /IMPLIB:"D:\C练习\escape\Debug\escape.lib" /MACHINE:X86 Debug\escape.exe.embed.manifest.res
         Debug\escape.obj
       Manifest:
         C:\Program Files\Microsoft SDKs\Windows\v7.0A\bin\mt.exe /nologo /verbose /out:"Debug\escape.exe.embed.manifest" /manifest Debug\escape.exe.intermediate.manifest
         C:\Program Files\Microsoft SDKs\Windows\v7.0A\bin\rc.exe /nologo /fo"Debug\escape.exe.embed.manifest.res" Debug\escape_manifest.rc 
       LinkEmbedManifest:
         D:\VS2010旗舰版\VC\bin\link.exe /ERRORREPORT:PROMPT /OUT:"D:\C练习\escape\Debug\escape.exe" /INCREMENTAL /NOLOGO kernel32.lib user32.lib gdi32.lib winspool.lib comdlg32.lib advapi32.lib shell32.lib ole32.lib oleaut32.lib uuid.lib odbc32.lib odbccp32.lib /MANIFEST /ManifestFile:"Debug\escape.exe.intermediate.manifest" /MANIFESTUAC:"level='asInvoker' uiAccess='false'" /DEBUG /PDB:"D:\C练习\escape\Debug\escape.pdb" /SUBSYSTEM:CONSOLE /TLBID:1 /DYNAMICBASE /NXCOMPAT /IMPLIB:"D:\C练习\escape\Debug\escape.lib" /MACHINE:X86 Debug\escape.exe.embed.manifest.res
         Debug\escape.obj
         escape.vcxproj -> D:\C练习\escape\Debug\escape.exe
       FinalizeBuildStatus:
         正在删除文件“Debug\escape.unsuccessfulbuild”。
         正在对“Debug\escape.lastbuildstate”执行 Touch 任务。
     1>已完成生成项目“D:\C练习\escape\escape\escape.vcxproj”(build 个目标)的操作。

生成成功。

已用时间 00:00:03.14
